2015-09-09 14:03:24.322 [debug] <0.2782.0>@chunter_protocol:handle_info:67 Ping.
2015-09-09 14:03:25.323 [debug] <0.2787.0>@chunter_protocol:handle_info:67 Ping.
2015-09-09 14:03:26.324 [debug] <0.2792.0>@chunter_protocol:handle_info:67 Ping.
2015-09-09 14:03:27.325 [debug] <0.2797.0>@chunter_protocol:handle_info:67 Ping.
2015-09-09 14:03:28.327 [debug] <0.2802.0>@chunter_protocol:handle_info:67 Ping.
2015-09-09 14:03:29.327 [debug] <0.2807.0>@chunter_protocol:handle_info:67 Ping.
2015-09-09 14:03:29.388 [debug] <0.254.0>@chunter_vm_fsm:creating_backup:469 Creating Backup with options: [{access_key,"70da8d713bcd2c546709"},{secret_key,"9053632103e198833ff935b999934b6079840833"},{s3_host,"s3.briphant.dev"},{s3_port,443},{s3_bucket,"fifo-snapshots"},create,xml]
2015-09-09 14:03:29.388 [debug] <0.254.0>@chunter_vm_fsm:creating_backup:472 New Snapshot: <<"148e473c-9d7b-4e80-b4ae-c15eacac778b">>
2015-09-09 14:03:29.444 [debug] <0.240.0>@chunter_server:handle_info:326 [GZ] Updating 0 Services.
2015-09-09 14:03:29.460 [debug] <0.254.0>@chunter_zfs:zfs:86 ZFS: /usr/sbin/zfs ["snapshot",<<"zones/97f1d254-60fc-4099-9980-07a04af4ff1e@148e473c-9d7b-4e80-b4ae-c15eacac778b">>]
2015-09-09 14:03:29.672 [debug] <0.250.0>@chunter_vm_fsm:handle_info:887 [e892c629-78a3-4b7e-96af-3ae471e8e2d7] Updating 0 Services.
2015-09-09 14:03:29.694 [debug] <0.248.0>@chunter_vm_fsm:handle_info:887 [38352857-03c4-41c2-8979-a17b58a3e0e3] Updating 0 Services.
2015-09-09 14:03:29.805 [debug] <0.2817.0>@chunter_snap:upload:32 Starting upload wiht chunk size: 5242880.
2015-09-09 14:03:29.833 [debug] <0.254.0>@chunter_vm_fsm:handle_info:887 [97f1d254-60fc-4099-9980-07a04af4ff1e] Updating 0 Services.
2015-09-09 14:03:29.929 [debug] <0.2817.0>@chunter_snap:upload:44 Running ZFS command: "/opt/chunter/lib/chunter-0.6.1p17/priv/zfs_export.gzip.sh" zones/97f1d254-60fc-4099-9980-07a04af4ff1e 148e473c-9d7b-4e80-b4ae-c15eacac778b
2015-09-09 14:03:30.330 [debug] <0.2841.0>@chunter_protocol:handle_info:67 Ping.
2015-09-09 14:03:30.675 [debug] <0.2817.0>@chunter_snap:upload_to_cloud:73 Uploading: 5 MB.
2015-09-09 14:03:31.329 [debug] <0.2848.0>@chunter_protocol:handle_info:67 Ping.
2015-09-09 14:03:31.370 [debug] <0.2817.0>@chunter_snap:upload_to_cloud:73 Uploading: 10 MB.
2015-09-09 14:03:32.041 [debug] <0.2817.0>@chunter_snap:upload_to_cloud:73 Uploading: 15 MB.
2015-09-09 14:03:32.331 [debug] <0.2857.0>@chunter_protocol:handle_info:67 Ping.
2015-09-09 14:03:32.679 [debug] <0.2817.0>@chunter_snap:upload_to_cloud:73 Uploading: 20 MB.
2015-09-09 14:03:33.345 [debug] <0.2864.0>@chunter_protocol:handle_info:67 Ping.
2015-09-09 14:03:33.353 [debug] <0.2817.0>@chunter_snap:upload_to_cloud:73 Uploading: 25 MB.
2015-09-09 14:03:33.964 [debug] <0.2817.0>@chunter_snap:upload_to_cloud:73 Uploading: 30 MB.
2015-09-09 14:03:34.350 [debug] <0.2873.0>@chunter_protocol:handle_info:67 Ping.
2015-09-09 14:03:34.682 [debug] <0.2817.0>@chunter_snap:upload_to_cloud:73 Uploading: 35 MB.
2015-09-09 14:03:35.290 [debug] <0.2817.0>@chunter_snap:upload_to_cloud:73 Uploading: 40 MB.
2015-09-09 14:03:35.341 [debug] <0.2882.0>@chunter_protocol:handle_info:67 Ping.
2015-09-09 14:03:35.920 [debug] <0.2817.0>@chunter_snap:upload_to_cloud:73 Uploading: 45 MB.
2015-09-09 14:03:36.335 [debug] <0.2889.0>@chunter_protocol:handle_info:67 Ping.
2015-09-09 14:03:36.541 [debug] <0.2817.0>@chunter_snap:upload_to_cloud:73 Uploading: 50 MB.
2015-09-09 14:03:37.177 [debug] <0.2817.0>@chunter_snap:upload_to_cloud:73 Uploading: 55 MB.
2015-09-09 14:03:37.341 [debug] <0.2898.0>@chunter_protocol:handle_info:67 Ping.
2015-09-09 14:03:37.791 [debug] <0.2817.0>@chunter_snap:upload_to_cloud:73 Uploading: 60 MB.
2015-09-09 14:03:38.336 [debug] <0.2905.0>@chunter_protocol:handle_info:67 Ping.
2015-09-09 14:03:38.411 [debug] <0.2817.0>@chunter_snap:upload_to_cloud:73 Uploading: 65 MB.
2015-09-09 14:03:39.010 [debug] <0.2817.0>@chunter_snap:upload_to_cloud:73 Uploading: 70 MB.
2015-09-09 14:03:39.338 [debug] <0.2914.0>@chunter_protocol:handle_info:67 Ping.
2015-09-09 14:03:39.393 [debug] <0.240.0>@chunter_server:handle_info:326 [GZ] Updating 0 Services.
2015-09-09 14:03:39.642 [debug] <0.2817.0>@chunter_snap:upload_to_cloud:73 Uploading: 75 MB.
2015-09-09 14:03:39.669 [debug] <0.250.0>@chunter_vm_fsm:handle_info:887 [e892c629-78a3-4b7e-96af-3ae471e8e2d7] Updating 0 Services.
2015-09-09 14:03:39.703 [debug] <0.248.0>@chunter_vm_fsm:handle_info:887 [38352857-03c4-41c2-8979-a17b58a3e0e3] Updating 0 Services.
2015-09-09 14:03:39.711 [debug] <0.254.0>@chunter_vm_fsm:handle_info:887 [97f1d254-60fc-4099-9980-07a04af4ff1e] Updating 0 Services.
2015-09-09 14:03:40.286 [debug] <0.2817.0>@chunter_snap:upload_to_cloud:73 Uploading: 80 MB.
2015-09-09 14:03:40.338 [debug] <0.2930.0>@chunter_protocol:handle_info:67 Ping.
2015-09-09 14:03:40.882 [debug] <0.2817.0>@chunter_snap:upload_to_cloud:73 Uploading: 85 MB.
2015-09-09 14:03:41.339 [debug] <0.2937.0>@chunter_protocol:handle_info:67 Ping.
2015-09-09 14:03:41.546 [debug] <0.2817.0>@chunter_snap:upload_to_cloud:73 Uploading: 90 MB.
2015-09-09 14:03:42.243 [debug] <0.2817.0>@chunter_snap:upload_to_cloud:73 Uploading: 95 MB.
2015-09-09 14:03:42.342 [debug] <0.2946.0>@chunter_protocol:handle_info:67 Ping.
2015-09-09 14:03:42.865 [debug] <0.2817.0>@chunter_snap:upload_to_cloud:73 Uploading: 100 MB.
2015-09-09 14:03:43.341 [debug] <0.2953.0>@chunter_protocol:handle_info:67 Ping.
2015-09-09 14:03:43.496 [debug] <0.2817.0>@chunter_snap:upload_to_cloud:73 Uploading: 105 MB.
2015-09-09 14:03:44.250 [debug] <0.2817.0>@chunter_snap:upload_to_cloud:73 Uploading: 110 MB.
2015-09-09 14:03:44.344 [debug] <0.2962.0>@chunter_protocol:handle_info:67 Ping.
2015-09-09 14:03:44.861 [debug] <0.2817.0>@chunter_snap:upload_to_cloud:73 Uploading: 115 MB.
2015-09-09 14:03:45.347 [debug] <0.2971.0>@chunter_protocol:handle_info:67 Ping.
2015-09-09 14:03:45.495 [debug] <0.2817.0>@chunter_snap:upload_to_cloud:73 Uploading: 120 MB.
2015-09-09 14:03:46.122 [debug] <0.2817.0>@chunter_snap:upload_to_cloud:73 Uploading: 125 MB.
2015-09-09 14:03:46.344 [debug] <0.2980.0>@chunter_protocol:handle_info:67 Ping.
2015-09-09 14:03:46.714 [debug] <0.2817.0>@chunter_snap:upload_to_cloud:73 Uploading: 130 MB.
2015-09-09 14:03:47.322 [debug] <0.2817.0>@chunter_snap:upload_to_cloud:73 Uploading: 135 MB.
2015-09-09 14:03:47.346 [debug] <0.2989.0>@chunter_protocol:handle_info:67 Ping.
2015-09-09 14:03:47.916 [debug] <0.2817.0>@chunter_snap:upload_to_cloud:73 Uploading: 140 MB.
2015-09-09 14:03:48.346 [debug] <0.2996.0>@chunter_protocol:handle_info:67 Ping.
2015-09-09 14:03:48.565 [debug] <0.2817.0>@chunter_snap:upload_to_cloud:73 Uploading: 145 MB.
2015-09-09 14:03:49.349 [debug] <0.2817.0>@chunter_snap:upload_to_cloud:73 Uploading: 150 MB.
2015-09-09 14:03:49.350 [debug] <0.3004.0>@chunter_protocol:handle_info:67 Ping.
2015-09-09 14:03:49.416 [debug] <0.240.0>@chunter_server:handle_info:326 [GZ] Updating 0 Services.
2015-09-09 14:03:49.682 [debug] <0.248.0>@chunter_vm_fsm:handle_info:887 [38352857-03c4-41c2-8979-a17b58a3e0e3] Updating 0 Services.
2015-09-09 14:03:49.688 [debug] <0.250.0>@chunter_vm_fsm:handle_info:887 [e892c629-78a3-4b7e-96af-3ae471e8e2d7] Updating 0 Services.
2015-09-09 14:03:49.698 [debug] <0.254.0>@chunter_vm_fsm:handle_info:887 [97f1d254-60fc-4099-9980-07a04af4ff1e] Updating 0 Services.
2015-09-09 14:03:50.081 [debug] <0.2817.0>@chunter_snap:upload_to_cloud:73 Uploading: 155 MB.
2015-09-09 14:03:50.351 [debug] <0.3019.0>@chunter_protocol:handle_info:67 Ping.
2015-09-09 14:03:50.726 [debug] <0.2817.0>@chunter_snap:upload_to_cloud:73 Uploading: 160 MB.
2015-09-09 14:03:51.349 [debug] <0.3026.0>@chunter_protocol:handle_info:67 Ping.
2015-09-09 14:03:51.487 [debug] <0.2817.0>@chunter_snap:upload_to_cloud:73 Uploading: 165 MB.
2015-09-09 14:03:52.229 [debug] <0.2817.0>@chunter_snap:upload_to_cloud:73 Uploading: 170 MB.
2015-09-09 14:03:52.355 [debug] <0.3035.0>@chunter_protocol:handle_info:67 Ping.
2015-09-09 14:03:52.889 [debug] <0.2817.0>@chunter_snap:upload_to_cloud:73 Uploading: 175 MB.
2015-09-09 14:03:53.358 [debug] <0.3042.0>@chunter_protocol:handle_info:67 Ping.
2015-09-09 14:03:53.631 [debug] <0.2817.0>@chunter_snap:upload_to_cloud:73 Uploading: 180 MB.
2015-09-09 14:03:54.266 [debug] <0.2817.0>@chunter_snap:upload_to_cloud:73 Uploading: 185 MB.
2015-09-09 14:03:54.356 [debug] <0.3051.0>@chunter_protocol:handle_info:67 Ping.
2015-09-09 14:03:54.892 [debug] <0.2817.0>@chunter_snap:upload_to_cloud:73 Uploading: 190 MB.
2015-09-09 14:03:55.355 [debug] <0.3058.0>@chunter_protocol:handle_info:67 Ping.
2015-09-09 14:03:55.491 [debug] <0.2817.0>@chunter_snap:upload_to_cloud:73 Uploading: 195 MB.
2015-09-09 14:03:56.225 [debug] <0.2817.0>@chunter_snap:upload_to_cloud:73 Uploading: 200 MB.
2015-09-09 14:03:56.354 [debug] <0.3067.0>@chunter_protocol:handle_info:67 Ping.
2015-09-09 14:03:56.874 [debug] <0.2817.0>@chunter_snap:upload_to_cloud:73 Uploading: 205 MB.
2015-09-09 14:03:57.355 [debug] <0.3074.0>@chunter_protocol:handle_info:67 Ping.
2015-09-09 14:03:57.553 [debug] <0.2817.0>@chunter_snap:upload_to_cloud:73 Uploading: 210 MB.
2015-09-09 14:03:58.191 [debug] <0.2817.0>@chunter_snap:upload_to_cloud:73 Uploading: 215 MB.
2015-09-09 14:03:58.356 [debug] <0.3083.0>@chunter_protocol:handle_info:67 Ping.
2015-09-09 14:03:59.209 [debug] <0.2817.0>@chunter_snap:upload_to_cloud:73 Uploading: 220 MB.
2015-09-09 14:03:59.357 [debug] <0.3090.0>@chunter_protocol:handle_info:67 Ping.
2015-09-09 14:03:59.391 [debug] <0.240.0>@chunter_server:handle_info:326 [GZ] Updating 0 Services.
2015-09-09 14:03:59.661 [debug] <0.250.0>@chunter_vm_fsm:handle_info:887 [e892c629-78a3-4b7e-96af-3ae471e8e2d7] Updating 0 Services.
2015-09-09 14:03:59.694 [debug] <0.248.0>@chunter_vm_fsm:handle_info:887 [38352857-03c4-41c2-8979-a17b58a3e0e3] Updating 0 Services.
2015-09-09 14:03:59.724 [debug] <0.254.0>@chunter_vm_fsm:handle_info:887 [97f1d254-60fc-4099-9980-07a04af4ff1e] Updating 0 Services.
2015-09-09 14:03:59.913 [debug] <0.2817.0>@chunter_snap:upload_to_cloud:73 Uploading: 225 MB.
2015-09-09 14:04:00.358 [debug] <0.3106.0>@chunter_protocol:handle_info:67 Ping.
2015-09-09 14:04:00.928 [debug] <0.2817.0>@chunter_snap:upload_to_cloud:73 Uploading: 230 MB.
2015-09-09 14:04:01.367 [debug] <0.3113.0>@chunter_protocol:handle_info:67 Ping.
2015-09-09 14:04:01.572 [debug] <0.2817.0>@chunter_snap:upload_to_cloud:73 Uploading: 235 MB.
2015-09-09 14:04:02.360 [debug] <0.3120.0>@chunter_protocol:handle_info:67 Ping.
2015-09-09 14:04:02.403 [debug] <0.2817.0>@chunter_snap:upload_to_cloud:73 Uploading: 240 MB.
2015-09-09 14:04:03.028 [debug] <0.2817.0>@chunter_snap:upload_to_cloud:73 Uploading: 245 MB.
2015-09-09 14:04:03.361 [debug] <0.3129.0>@chunter_protocol:handle_info:67 Ping.
2015-09-09 14:04:03.741 [debug] <0.2817.0>@chunter_snap:upload_to_cloud:73 Uploading: 250 MB.
2015-09-09 14:04:04.353 [debug] <0.2817.0>@chunter_snap:upload_to_cloud:73 Uploading: 255 MB.
2015-09-09 14:04:04.362 [debug] <0.3138.0>@chunter_protocol:handle_info:67 Ping.
2015-09-09 14:04:05.059 [debug] <0.2817.0>@chunter_snap:upload_to_cloud:73 Uploading: 260 MB.
2015-09-09 14:04:05.363 [debug] <0.3145.0>@chunter_protocol:handle_info:67 Ping.
2015-09-09 14:04:05.676 [debug] <0.2817.0>@chunter_snap:upload_to_cloud:73 Uploading: 265 MB.
2015-09-09 14:04:06.389 [debug] <0.3152.0>@chunter_protocol:handle_info:67 Ping.
2015-09-09 14:04:06.512 [debug] <0.2817.0>@chunter_snap:upload_to_cloud:73 Uploading: 270 MB.
2015-09-09 14:04:07.140 [debug] <0.2817.0>@chunter_snap:upload_to_cloud:73 Uploading: 275 MB.
2015-09-09 14:04:07.374 [debug] <0.3161.0>@chunter_protocol:handle_info:67 Ping.
2015-09-09 14:04:07.950 [debug] <0.2817.0>@chunter_snap:upload_to_cloud:73 Uploading: 280 MB.
2015-09-09 14:04:08.376 [debug] <0.3168.0>@chunter_protocol:handle_info:67 Ping.
2015-09-09 14:04:08.614 [debug] <0.2817.0>@chunter_snap:upload_to_cloud:73 Uploading: 285 MB.
2015-09-09 14:04:09.208 [debug] <0.2817.0>@chunter_snap:upload_to_cloud:73 Uploading: 290 MB.
2015-09-09 14:04:09.374 [debug] <0.3177.0>@chunter_protocol:handle_info:67 Ping.
2015-09-09 14:04:09.385 [debug] <0.240.0>@chunter_server:handle_info:326 [GZ] Updating 0 Services.
2015-09-09 14:04:09.661 [debug] <0.250.0>@chunter_vm_fsm:handle_info:887 [e892c629-78a3-4b7e-96af-3ae471e8e2d7] Updating 0 Services.
2015-09-09 14:04:09.717 [debug] <0.254.0>@chunter_vm_fsm:handle_info:887 [97f1d254-60fc-4099-9980-07a04af4ff1e] Updating 0 Services.
2015-09-09 14:04:09.727 [debug] <0.248.0>@chunter_vm_fsm:handle_info:887 [38352857-03c4-41c2-8979-a17b58a3e0e3] Updating 0 Services.
2015-09-09 14:04:09.862 [debug] <0.2817.0>@chunter_snap:upload_to_cloud:73 Uploading: 295 MB.
2015-09-09 14:04:10.373 [debug] <0.3191.0>@chunter_protocol:handle_info:67 Ping.
2015-09-09 14:04:10.454 [debug] <0.2817.0>@chunter_snap:upload_to_cloud:73 Uploading: 300 MB.
2015-09-09 14:04:11.218 [debug] <0.2817.0>@chunter_snap:upload_to_cloud:73 Uploading: 305 MB.
2015-09-09 14:04:11.377 [debug] <0.3200.0>@chunter_protocol:handle_info:67 Ping.
2015-09-09 14:04:11.805 [debug] <0.2817.0>@chunter_snap:upload_to_cloud:73 Uploading: 310 MB.
2015-09-09 14:04:12.377 [debug] <0.3207.0>@chunter_protocol:handle_info:67 Ping.
2015-09-09 14:04:12.473 [debug] <0.2817.0>@chunter_snap:upload_to_cloud:73 Uploading: 315 MB.
2015-09-09 14:04:13.061 [debug] <0.2817.0>@chunter_snap:upload_to_cloud:73 Uploading: 320 MB.
2015-09-09 14:04:13.374 [debug] <0.3216.0>@chunter_protocol:handle_info:67 Ping.
2015-09-09 14:04:13.699 [debug] <0.2817.0>@chunter_snap:upload_to_cloud:73 Uploading: 325 MB.
2015-09-09 14:04:14.287 [debug] <0.2817.0>@chunter_snap:upload_to_cloud:73 Uploading: 330 MB.
2015-09-09 14:04:14.376 [debug] <0.3225.0>@chunter_protocol:handle_info:67 Ping.
2015-09-09 14:04:15.108 [debug] <0.2817.0>@chunter_snap:upload_to_cloud:73 Uploading: 335 MB.
2015-09-09 14:04:15.376 [debug] <0.3234.0>@chunter_protocol:handle_info:67 Ping.
2015-09-09 14:04:15.743 [debug] <0.2817.0>@chunter_snap:upload_to_cloud:73 Uploading: 340 MB.
2015-09-09 14:04:16.384 [debug] <0.3241.0>@chunter_protocol:handle_info:67 Ping.
2015-09-09 14:04:16.446 [debug] <0.2817.0>@chunter_snap:upload_to_cloud:73 Uploading: 345 MB.
2015-09-09 14:04:17.219 [debug] <0.2817.0>@chunter_snap:upload_to_cloud:73 Uploading: 350 MB.
2015-09-09 14:04:17.378 [debug] <0.3250.0>@chunter_protocol:handle_info:67 Ping.
2015-09-09 14:04:18.105 [debug] <0.2817.0>@chunter_snap:upload_to_cloud:73 Uploading: 355 MB.
2015-09-09 14:04:18.379 [debug] <0.3257.0>@chunter_protocol:handle_info:67 Ping.
2015-09-09 14:04:19.116 [debug] <0.2817.0>@chunter_snap:upload_to_cloud:73 Uploading: 360 MB.
2015-09-09 14:04:19.380 [debug] <0.3264.0>@chunter_protocol:handle_info:67 Ping.
2015-09-09 14:04:19.433 [debug] <0.240.0>@chunter_server:handle_info:326 [GZ] Updating 0 Services.
2015-09-09 14:04:19.671 [debug] <0.248.0>@chunter_vm_fsm:handle_info:887 [38352857-03c4-41c2-8979-a17b58a3e0e3] Updating 0 Services.
2015-09-09 14:04:19.680 [debug] <0.250.0>@chunter_vm_fsm:handle_info:887 [e892c629-78a3-4b7e-96af-3ae471e8e2d7] Updating 0 Services.
2015-09-09 14:04:19.709 [debug] <0.254.0>@chunter_vm_fsm:handle_info:887 [97f1d254-60fc-4099-9980-07a04af4ff1e] Updating 0 Services.
2015-09-09 14:04:19.846 [debug] <0.2817.0>@chunter_snap:upload_to_cloud:73 Uploading: 365 MB.
2015-09-09 14:04:20.381 [debug] <0.3278.0>@chunter_protocol:handle_info:67 Ping.
2015-09-09 14:04:20.468 [debug] <0.2817.0>@chunter_snap:upload_to_cloud:73 Uploading: 370 MB.
2015-09-09 14:04:21.090 [debug] <0.2817.0>@chunter_snap:upload_to_cloud:73 Uploading: 375 MB.
2015-09-09 14:04:21.382 [debug] <0.3287.0>@chunter_protocol:handle_info:67 Ping.
2015-09-09 14:04:21.709 [debug] <0.2817.0>@chunter_snap:upload_to_cloud:73 Uploading: 380 MB.
2015-09-09 14:04:22.317 [debug] <0.2817.0>@chunter_snap:upload_to_cloud:73 Uploading: 385 MB.
2015-09-09 14:04:22.391 [debug] <0.3296.0>@chunter_protocol:handle_info:67 Ping.
2015-09-09 14:04:22.989 [debug] <0.2817.0>@chunter_snap:upload_to_cloud:73 Uploading: 390 MB.
2015-09-09 14:04:23.384 [debug] <0.3303.0>@chunter_protocol:handle_info:67 Ping.
2015-09-09 14:04:23.843 [debug] <0.2817.0>@chunter_snap:upload_to_cloud:73 Uploading: 395 MB.
2015-09-09 14:04:24.386 [debug] <0.3310.0>@chunter_protocol:handle_info:67 Ping.
2015-09-09 14:04:24.486 [debug] <0.2817.0>@chunter_snap:upload_to_cloud:73 Uploading: 400 MB.
2015-09-09 14:04:25.135 [debug] <0.2817.0>@chunter_snap:upload_to_cloud:73 Uploading: 405 MB.
2015-09-09 14:04:25.393 [debug] <0.3319.0>@chunter_protocol:handle_info:67 Ping.
2015-09-09 14:04:25.742 [debug] <0.2817.0>@chunter_snap:upload_to_cloud:73 Uploading: 410 MB.
2015-09-09 14:04:26.395 [debug] <0.3326.0>@chunter_protocol:handle_info:67 Ping.
2015-09-09 14:04:26.534 [debug] <0.2817.0>@chunter_snap:upload_to_cloud:73 Uploading: 415 MB.
2015-09-09 14:04:27.281 [debug] <0.2817.0>@chunter_snap:upload_to_cloud:73 Uploading: 420 MB.
2015-09-09 14:04:27.388 [debug] <0.3335.0>@chunter_protocol:handle_info:67 Ping.
2015-09-09 14:04:27.913 [debug] <0.2817.0>@chunter_snap:upload_to_cloud:73 Uploading: 425 MB.
2015-09-09 14:04:28.395 [debug] <0.3342.0>@chunter_protocol:handle_info:67 Ping.
2015-09-09 14:04:28.645 [debug] <0.2817.0>@chunter_snap:upload_to_cloud:73 Uploading: 430 MB.
2015-09-09 14:04:29.371 [debug] <0.2817.0>@chunter_snap:upload_to_cloud:73 Uploading: 435 MB.
2015-09-09 14:04:29.390 [debug] <0.3351.0>@chunter_protocol:handle_info:67 Ping.
2015-09-09 14:04:29.458 [debug] <0.240.0>@chunter_server:handle_info:326 [GZ] Updating 0 Services.
2015-09-09 14:04:29.687 [debug] <0.248.0>@chunter_vm_fsm:handle_info:887 [38352857-03c4-41c2-8979-a17b58a3e0e3] Updating 0 Services.
2015-09-09 14:04:29.687 [debug] <0.250.0>@chunter_vm_fsm:handle_info:887 [e892c629-78a3-4b7e-96af-3ae471e8e2d7] Updating 0 Services.
2015-09-09 14:04:29.728 [debug] <0.254.0>@chunter_vm_fsm:handle_info:887 [97f1d254-60fc-4099-9980-07a04af4ff1e] Updating 0 Services.
2015-09-09 14:04:30.070 [debug] <0.2817.0>@chunter_snap:upload_to_cloud:73 Uploading: 440 MB.
2015-09-09 14:04:30.391 [debug] <0.3368.0>@chunter_protocol:handle_info:67 Ping.
2015-09-09 14:04:30.709 [debug] <0.2817.0>@chunter_snap:upload_to_cloud:73 Uploading: 445 MB.
2015-09-09 14:04:31.392 [debug] <0.3375.0>@chunter_protocol:handle_info:67 Ping.
2015-09-09 14:04:31.506 [debug] <0.2817.0>@chunter_snap:upload_to_cloud:73 Uploading: 450 MB.
2015-09-09 14:04:32.165 [debug] <0.2817.0>@chunter_snap:upload_to_cloud:73 Uploading: 455 MB.
2015-09-09 14:04:32.412 [debug] <0.3384.0>@chunter_protocol:handle_info:67 Ping.
2015-09-09 14:04:32.896 [debug] <0.2817.0>@chunter_snap:upload_to_cloud:73 Uploading: 460 MB.
2015-09-09 14:04:33.394 [debug] <0.3391.0>@chunter_protocol:handle_info:67 Ping.
2015-09-09 14:04:33.543 [debug] <0.2817.0>@chunter_snap:upload_to_cloud:73 Uploading: 465 MB.
2015-09-09 14:04:34.306 [debug] <0.2817.0>@chunter_snap:upload_to_cloud:73 Uploading: 470 MB.
2015-09-09 14:04:34.395 [debug] <0.3400.0>@chunter_protocol:handle_info:67 Ping.
2015-09-09 14:04:34.864 [debug] <0.2817.0>@chunter_snap:upload_to_cloud:73 Uploading: 475 MB.
2015-09-09 14:04:35.395 [debug] <0.3407.0>@chunter_protocol:handle_info:67 Ping.
2015-09-09 14:04:35.814 [debug] <0.2817.0>@chunter_snap:upload_to_cloud:73 Uploading: 480 MB.
2015-09-09 14:04:36.396 [debug] <0.2817.0>@chunter_snap:upload_to_cloud:73 Uploading: 485 MB.
2015-09-09 14:04:36.397 [debug] <0.3415.0>@chunter_protocol:handle_info:67 Ping.
2015-09-09 14:04:37.084 [debug] <0.2817.0>@chunter_snap:upload_to_cloud:73 Uploading: 490 MB.
2015-09-09 14:04:37.403 [debug] <0.3423.0>@chunter_protocol:handle_info:67 Ping.
2015-09-09 14:04:37.669 [debug] <0.2817.0>@chunter_snap:upload_to_cloud:73 Uploading: 495 MB.
2015-09-09 14:04:38.409 [debug] <0.3430.0>@chunter_protocol:handle_info:67 Ping.
2015-09-09 14:04:38.427 [debug] <0.2817.0>@chunter_snap:upload_to_cloud:73 Uploading: 500 MB.
2015-09-09 14:04:39.057 [debug] <0.2817.0>@chunter_snap:upload_to_cloud:73 Uploading: 505 MB.
2015-09-09 14:04:39.400 [debug] <0.3439.0>@chunter_protocol:handle_info:67 Ping.
2015-09-09 14:04:39.425 [debug] <0.240.0>@chunter_server:handle_info:326 [GZ] Updating 0 Services.
2015-09-09 14:04:39.675 [debug] <0.250.0>@chunter_vm_fsm:handle_info:887 [e892c629-78a3-4b7e-96af-3ae471e8e2d7] Updating 0 Services.
2015-09-09 14:04:39.679 [debug] <0.248.0>@chunter_vm_fsm:handle_info:887 [38352857-03c4-41c2-8979-a17b58a3e0e3] Updating 0 Services.
2015-09-09 14:04:39.720 [debug] <0.254.0>@chunter_vm_fsm:handle_info:887 [97f1d254-60fc-4099-9980-07a04af4ff1e] Updating 0 Services.
2015-09-09 14:04:39.764 [debug] <0.2817.0>@chunter_snap:upload_to_cloud:73 Uploading: 510 MB.
2015-09-09 14:04:40.408 [debug] <0.3453.0>@chunter_protocol:handle_info:67 Ping.
2015-09-09 14:04:40.468 [debug] <0.2817.0>@chunter_snap:upload_to_cloud:73 Uploading: 515 MB.
2015-09-09 14:04:41.017 [debug] <0.2817.0>@chunter_snap:upload_to_cloud:73 Uploading: 520 MB.
2015-09-09 14:04:41.402 [debug] <0.3462.0>@chunter_protocol:handle_info:67 Ping.
2015-09-09 14:04:41.680 [debug] <0.2817.0>@chunter_snap:upload_to_cloud:73 Uploading: 525 MB.
2015-09-09 14:04:42.325 [debug] <0.2817.0>@chunter_snap:upload_to_cloud:73 Uploading: 530 MB.
2015-09-09 14:04:42.419 [debug] <0.3471.0>@chunter_protocol:handle_info:67 Ping.
2015-09-09 14:04:42.867 [debug] <0.2817.0>@chunter_snap:upload_to_cloud:73 Uploading: 535 MB.
2015-09-09 14:04:43.415 [debug] <0.3478.0>@chunter_protocol:handle_info:67 Ping.
2015-09-09 14:04:43.520 [debug] <0.2817.0>@chunter_snap:upload_to_cloud:73 Uploading: 540 MB.
2015-09-09 14:04:44.158 [debug] <0.2817.0>@chunter_snap:upload_to_cloud:73 Uploading: 545 MB.
2015-09-09 14:04:44.404 [debug] <0.3487.0>@chunter_protocol:handle_info:67 Ping.
2015-09-09 14:04:44.713 [debug] <0.2817.0>@chunter_snap:upload_to_cloud:73 Uploading: 550 MB.
2015-09-09 14:04:45.374 [debug] <0.2817.0>@chunter_snap:upload_to_cloud:73 Uploading: 555 MB.
2015-09-09 14:04:45.407 [debug] <0.3498.0>@chunter_protocol:handle_info:67 Ping.
2015-09-09 14:04:45.930 [debug] <0.2817.0>@chunter_snap:upload_to_cloud:73 Uploading: 560 MB.
2015-09-09 14:04:46.418 [debug] <0.3505.0>@chunter_protocol:handle_info:67 Ping.
2015-09-09 14:04:46.580 [debug] <0.2817.0>@chunter_snap:upload_to_cloud:73 Uploading: 565 MB.
2015-09-09 14:04:47.296 [debug] <0.2817.0>@chunter_snap:upload_to_cloud:73 Uploading: 570 MB.
2015-09-09 14:04:47.464 [debug] <0.3514.0>@chunter_protocol:handle_info:67 Ping.
2015-09-09 14:04:47.945 [debug] <0.2817.0>@chunter_snap:upload_to_cloud:73 Uploading: 575 MB.
2015-09-09 14:04:48.417 [debug] <0.3521.0>@chunter_protocol:handle_info:67 Ping.
2015-09-09 14:04:48.500 [debug] <0.2817.0>@chunter_snap:upload_to_cloud:73 Uploading: 580 MB.
2015-09-09 14:04:49.159 [debug] <0.2817.0>@chunter_snap:upload_to_cloud:73 Uploading: 585 MB.
2015-09-09 14:04:49.385 [debug] <0.240.0>@chunter_server:handle_info:326 [GZ] Updating 0 Services.
2015-09-09 14:04:49.417 [debug] <0.3531.0>@chunter_protocol:handle_info:67 Ping.
2015-09-09 14:04:49.661 [debug] <0.250.0>@chunter_vm_fsm:handle_info:887 [e892c629-78a3-4b7e-96af-3ae471e8e2d7] Updating 0 Services.
2015-09-09 14:04:49.666 [debug] <0.248.0>@chunter_vm_fsm:handle_info:887 [38352857-03c4-41c2-8979-a17b58a3e0e3] Updating 0 Services.
2015-09-09 14:04:49.715 [debug] <0.254.0>@chunter_vm_fsm:handle_info:887 [97f1d254-60fc-4099-9980-07a04af4ff1e] Updating 0 Services.
2015-09-09 14:04:49.980 [debug] <0.2817.0>@chunter_snap:upload_to_cloud:73 Uploading: 590 MB.
2015-09-09 14:04:50.410 [debug] <0.3544.0>@chunter_protocol:handle_info:67 Ping.
2015-09-09 14:04:50.653 [debug] <0.2817.0>@chunter_snap:upload_to_cloud:73 Uploading: 595 MB.
2015-09-09 14:04:51.223 [debug] <0.2817.0>@chunter_snap:upload_to_cloud:73 Uploading: 600 MB.
2015-09-09 14:04:51.411 [debug] <0.3553.0>@chunter_protocol:handle_info:67 Ping.
2015-09-09 14:04:51.770 [debug] <0.2817.0>@chunter_snap:upload_to_cloud:73 Uploading: 605 MB.
2015-09-09 14:04:52.462 [debug] <0.3560.0>@chunter_protocol:handle_info:67 Ping.
2015-09-09 14:04:52.555 [debug] <0.2817.0>@chunter_snap:upload_to_cloud:73 Uploading: 610 MB.
2015-09-09 14:04:53.183 [debug] <0.2817.0>@chunter_snap:upload_to_cloud:73 Uploading: 615 MB.
2015-09-09 14:04:53.413 [debug] <0.3569.0>@chunter_protocol:handle_info:67 Ping.
2015-09-09 14:04:53.919 [debug] <0.2817.0>@chunter_snap:upload_to_cloud:73 Uploading: 620 MB.
2015-09-09 14:04:54.414 [debug] <0.3576.0>@chunter_protocol:handle_info:67 Ping.
2015-09-09 14:04:54.484 [debug] <0.2817.0>@chunter_snap:upload_to_cloud:73 Uploading: 625 MB.
2015-09-09 14:04:55.043 [debug] <0.2817.0>@chunter_snap:upload_to_cloud:73 Uploading: 630 MB.
2015-09-09 14:04:55.415 [debug] <0.3585.0>@chunter_protocol:handle_info:67 Ping.
2015-09-09 14:04:55.711 [debug] <0.2817.0>@chunter_snap:upload_to_cloud:73 Uploading: 635 MB.
2015-09-09 14:04:56.437 [debug] <0.3592.0>@chunter_protocol:handle_info:67 Ping.
2015-09-09 14:04:56.444 [debug] <0.2817.0>@chunter_snap:upload_to_cloud:73 Uploading: 640 MB.
2015-09-09 14:04:57.018 [debug] <0.2817.0>@chunter_snap:upload_to_cloud:73 Uploading: 645 MB.
2015-09-09 14:04:57.417 [debug] <0.3601.0>@chunter_protocol:handle_info:67 Ping.
2015-09-09 14:04:57.702 [debug] <0.2817.0>@chunter_snap:upload_to_cloud:73 Uploading: 650 MB.
2015-09-09 14:04:58.278 [debug] <0.2817.0>@chunter_snap:upload_to_cloud:73 Uploading: 655 MB.
2015-09-09 14:04:58.418 [debug] <0.3610.0>@chunter_protocol:handle_info:67 Ping.
2015-09-09 14:04:58.843 [debug] <0.2817.0>@chunter_snap:upload_to_cloud:73 Uploading: 660 MB.
2015-09-09 14:04:59.384 [debug] <0.240.0>@chunter_server:handle_info:326 [GZ] Updating 0 Services.
2015-09-09 14:04:59.481 [debug] <0.3618.0>@chunter_protocol:handle_info:67 Ping.
2015-09-09 14:04:59.670 [debug] <0.248.0>@chunter_vm_fsm:handle_info:887 [38352857-03c4-41c2-8979-a17b58a3e0e3] Updating 0 Services.
2015-09-09 14:04:59.674 [debug] <0.2817.0>@chunter_snap:upload_to_cloud:73 Uploading: 665 MB.
2015-09-09 14:04:59.684 [debug] <0.250.0>@chunter_vm_fsm:handle_info:887 [e892c629-78a3-4b7e-96af-3ae471e8e2d7] Updating 0 Services.
2015-09-09 14:04:59.701 [debug] <0.254.0>@chunter_vm_fsm:handle_info:887 [97f1d254-60fc-4099-9980-07a04af4ff1e] Updating 0 Services.
2015-09-09 14:05:00.259 [debug] <0.2817.0>@chunter_snap:upload_to_cloud:73 Uploading: 670 MB.
2015-09-09 14:05:00.420 [debug] <0.3636.0>@chunter_protocol:handle_info:67 Ping.
2015-09-09 14:05:00.818 [debug] <0.2817.0>@chunter_snap:upload_to_cloud:73 Uploading: 675 MB.
2015-09-09 14:05:01.387 [debug] <0.2817.0>@chunter_snap:upload_to_cloud:73 Uploading: 680 MB.
2015-09-09 14:05:01.421 [debug] <0.3645.0>@chunter_protocol:handle_info:67 Ping.
2015-09-09 14:05:02.085 [debug] <0.2817.0>@chunter_snap:upload_to_cloud:73 Uploading: 685 MB.
2015-09-09 14:05:02.422 [debug] <0.3652.0>@chunter_protocol:handle_info:67 Ping.
2015-09-09 14:05:02.682 [debug] <0.2817.0>@chunter_snap:upload_to_cloud:73 Uploading: 690 MB.
2015-09-09 14:05:03.423 [debug] <0.3659.0>@chunter_protocol:handle_info:67 Ping.
2015-09-09 14:05:03.598 [debug] <0.2817.0>@chunter_snap:upload_to_cloud:73 Uploading: 695 MB.
2015-09-09 14:05:04.226 [debug] <0.2817.0>@chunter_snap:upload_to_cloud:73 Uploading: 700 MB.
2015-09-09 14:05:04.424 [debug] <0.3668.0>@chunter_protocol:handle_info:67 Ping.
2015-09-09 14:05:04.918 [debug] <0.2817.0>@chunter_snap:upload_to_cloud:73 Uploading: 705 MB.
2015-09-09 14:05:05.425 [debug] <0.3675.0>@chunter_protocol:handle_info:67 Ping.
2015-09-09 14:05:05.520 [debug] <0.2817.0>@chunter_snap:upload_to_cloud:73 Uploading: 710 MB.
2015-09-09 14:05:06.082 [debug] <0.2817.0>@chunter_snap:upload_to_cloud:73 Uploading: 715 MB.
2015-09-09 14:05:06.437 [debug] <0.3684.0>@chunter_protocol:handle_info:67 Ping.
2015-09-09 14:05:06.800 [debug] <0.2817.0>@chunter_snap:upload_to_cloud:73 Uploading: 720 MB.
2015-09-09 14:05:07.363 [debug] <0.2817.0>@chunter_snap:upload_to_cloud:73 Uploading: 725 MB.
2015-09-09 14:05:07.427 [debug] <0.3693.0>@chunter_protocol:handle_info:67 Ping.
2015-09-09 14:05:08.044 [debug] <0.2817.0>@chunter_snap:upload_to_cloud:73 Uploading: 730 MB.
2015-09-09 14:05:08.428 [debug] <0.3700.0>@chunter_protocol:handle_info:67 Ping.
2015-09-09 14:05:08.804 [debug] <0.2817.0>@chunter_snap:upload_to_cloud:73 Uploading: 735 MB.
2015-09-09 14:05:09.361 [debug] <0.2817.0>@chunter_snap:upload_to_cloud:73 Uploading: 740 MB.
2015-09-09 14:05:09.392 [debug] <0.240.0>@chunter_server:handle_info:326 [GZ] Updating 0 Services.
2015-09-09 14:05:09.429 [debug] <0.3710.0>@chunter_protocol:handle_info:67 Ping.
2015-09-09 14:05:09.660 [debug] <0.250.0>@chunter_vm_fsm:handle_info:887 [e892c629-78a3-4b7e-96af-3ae471e8e2d7] Updating 0 Services.
2015-09-09 14:05:09.669 [debug] <0.248.0>@chunter_vm_fsm:handle_info:887 [38352857-03c4-41c2-8979-a17b58a3e0e3] Updating 0 Services.
2015-09-09 14:05:09.733 [debug] <0.254.0>@chunter_vm_fsm:handle_info:887 [97f1d254-60fc-4099-9980-07a04af4ff1e] Updating 0 Services.
2015-09-09 14:05:10.095 [debug] <0.2817.0>@chunter_snap:upload_to_cloud:73 Uploading: 745 MB.
2015-09-09 14:05:10.553 [debug] <0.3723.0>@chunter_protocol:handle_info:67 Ping.
2015-09-09 14:05:10.714 [debug] <0.2817.0>@chunter_snap:upload_to_cloud:73 Uploading: 750 MB.
2015-09-09 14:05:11.308 [debug] <0.2817.0>@chunter_snap:upload_to_cloud:73 Uploading: 755 MB.
2015-09-09 14:05:11.454 [debug] <0.3732.0>@chunter_protocol:handle_info:67 Ping.
2015-09-09 14:05:11.897 [debug] <0.2817.0>@chunter_snap:upload_to_cloud:73 Uploading: 760 MB.
2015-09-09 14:05:12.432 [debug] <0.3739.0>@chunter_protocol:handle_info:67 Ping.
2015-09-09 14:05:12.612 [debug] <0.2817.0>@chunter_snap:upload_to_cloud:73 Uploading: 765 MB.
2015-09-09 14:05:13.390 [debug] <0.2817.0>@chunter_snap:upload_to_cloud:73 Uploading: 770 MB.
2015-09-09 14:05:13.433 [debug] <0.3748.0>@chunter_protocol:handle_info:67 Ping.
2015-09-09 14:05:14.272 [debug] <0.2817.0>@chunter_snap:upload_to_cloud:73 Uploading: 775 MB.
2015-09-09 14:05:14.449 [debug] <0.3755.0>@chunter_protocol:handle_info:67 Ping.
2015-09-09 14:05:14.798 [debug] <0.2817.0>@chunter_snap:upload_to_cloud:73 Uploading: 780 MB.
2015-09-09 14:05:15.453 [debug] <0.3764.0>@chunter_protocol:handle_info:67 Ping.
2015-09-09 14:05:15.481 [debug] <0.2817.0>@chunter_snap:upload_to_cloud:73 Uploading: 785 MB.
2015-09-09 14:05:16.001 [debug] <0.2817.0>@chunter_snap:upload_to_cloud:73 Uploading: 790 MB.
2015-09-09 14:05:16.444 [debug] <0.3773.0>@chunter_protocol:handle_info:67 Ping.
2015-09-09 14:05:16.505 [debug] <0.2817.0>@chunter_snap:upload_to_cloud:73 Uploading: 795 MB.
2015-09-09 14:05:17.224 [debug] <0.2817.0>@chunter_snap:upload_to_cloud:73 Uploading: 800 MB.
2015-09-09 14:05:17.437 [debug] <0.3782.0>@chunter_protocol:handle_info:67 Ping.
2015-09-09 14:05:17.825 [debug] <0.2817.0>@chunter_snap:upload_to_cloud:73 Uploading: 805 MB.
2015-09-09 14:05:18.420 [debug] <0.2817.0>@chunter_snap:upload_to_cloud:73 Uploading: 810 MB.
2015-09-09 14:05:18.439 [debug] <0.3791.0>@chunter_protocol:handle_info:67 Ping.
2015-09-09 14:05:19.020 [debug] <0.2817.0>@chunter_snap:upload_to_cloud:73 Uploading: 815 MB.
2015-09-09 14:05:19.384 [debug] <0.240.0>@chunter_server:handle_info:326 [GZ] Updating 0 Services.
2015-09-09 14:05:19.439 [debug] <0.3799.0>@chunter_protocol:handle_info:67 Ping.
2015-09-09 14:05:19.617 [debug] <0.2817.0>@chunter_snap:upload_to_cloud:73 Uploading: 820 MB.
2015-09-09 14:05:19.687 [debug] <0.250.0>@chunter_vm_fsm:handle_info:887 [e892c629-78a3-4b7e-96af-3ae471e8e2d7] Updating 0 Services.
2015-09-09 14:05:19.697 [debug] <0.254.0>@chunter_vm_fsm:handle_info:887 [97f1d254-60fc-4099-9980-07a04af4ff1e] Updating 0 Services.
2015-09-09 14:05:19.800 [debug] <0.248.0>@chunter_vm_fsm:handle_info:887 [38352857-03c4-41c2-8979-a17b58a3e0e3] Updating 0 Services.
2015-09-09 14:05:20.301 [debug] <0.2817.0>@chunter_snap:upload_to_cloud:73 Uploading: 825 MB.
2015-09-09 14:05:20.474 [debug] <0.3814.0>@chunter_protocol:handle_info:67 Ping.
2015-09-09 14:05:20.904 [debug] <0.2817.0>@chunter_snap:upload_to_cloud:73 Uploading: 830 MB.
2015-09-09 14:05:21.445 [debug] <0.3821.0>@chunter_protocol:handle_info:67 Ping.
2015-09-09 14:05:21.995 [debug] <0.2817.0>@chunter_snap:upload_to_cloud:73 Uploading: 835 MB.
2015-09-09 14:05:22.450 [debug] <0.3828.0>@chunter_protocol:handle_info:67 Ping.
2015-09-09 14:05:22.624 [debug] <0.2817.0>@chunter_snap:upload_to_cloud:73 Uploading: 840 MB.
2015-09-09 14:05:23.347 [debug] <0.2817.0>@chunter_snap:upload_to_cloud:73 Uploading: 845 MB.
2015-09-09 14:05:23.442 [debug] <0.3837.0>@chunter_protocol:handle_info:67 Ping.
2015-09-09 14:05:23.958 [debug] <0.2817.0>@chunter_snap:upload_to_cloud:73 Uploading: 850 MB.
2015-09-09 14:05:24.443 [debug] <0.3844.0>@chunter_protocol:handle_info:67 Ping.
2015-09-09 14:05:24.944 [debug] <0.2817.0>@chunter_snap:upload_to_cloud:73 Uploading: 855 MB.
2015-09-09 14:05:25.531 [debug] <0.3851.0>@chunter_protocol:handle_info:67 Ping.
2015-09-09 14:05:25.562 [debug] <0.2817.0>@chunter_snap:upload_to_cloud:73 Uploading: 860 MB.
2015-09-09 14:05:26.162 [debug] <0.2817.0>@chunter_snap:upload_to_cloud:73 Uploading: 865 MB.
2015-09-09 14:05:26.455 [debug] <0.3860.0>@chunter_protocol:handle_info:67 Ping.
2015-09-09 14:05:26.803 [debug] <0.2817.0>@chunter_snap:upload_to_cloud:73 Uploading: 870 MB.
2015-09-09 14:05:27.394 [debug] <0.2817.0>@chunter_snap:upload_to_cloud:73 Uploading: 875 MB.
2015-09-09 14:05:27.455 [debug] <0.3869.0>@chunter_protocol:handle_info:67 Ping.
2015-09-09 14:05:28.027 [debug] <0.2817.0>@chunter_snap:upload_to_cloud:73 Uploading: 880 MB.
2015-09-09 14:05:28.447 [debug] <0.3876.0>@chunter_protocol:handle_info:67 Ping.
2015-09-09 14:05:28.628 [debug] <0.2817.0>@chunter_snap:upload_to_cloud:73 Uploading: 885 MB.
2015-09-09 14:05:29.294 [debug] <0.2817.0>@chunter_snap:upload_to_cloud:73 Uploading: 890 MB.
2015-09-09 14:05:29.403 [debug] <0.240.0>@chunter_server:handle_info:326 [GZ] Updating 0 Services.
2015-09-09 14:05:29.462 [debug] <0.3886.0>@chunter_protocol:handle_info:67 Ping.
2015-09-09 14:05:29.664 [debug] <0.248.0>@chunter_vm_fsm:handle_info:887 [38352857-03c4-41c2-8979-a17b58a3e0e3] Updating 0 Services.
2015-09-09 14:05:29.668 [debug] <0.250.0>@chunter_vm_fsm:handle_info:887 [e892c629-78a3-4b7e-96af-3ae471e8e2d7] Updating 0 Services.
2015-09-09 14:05:29.732 [debug] <0.254.0>@chunter_vm_fsm:handle_info:887 [97f1d254-60fc-4099-9980-07a04af4ff1e] Updating 0 Services.
2015-09-09 14:05:30.012 [debug] <0.2817.0>@chunter_snap:upload_to_cloud:73 Uploading: 895 MB.
2015-09-09 14:05:30.449 [debug] <0.3902.0>@chunter_protocol:handle_info:67 Ping.
2015-09-09 14:05:31.018 [debug] <0.2817.0>@chunter_snap:upload_to_cloud:73 Uploading: 900 MB.
2015-09-09 14:05:31.451 [debug] <0.3909.0>@chunter_protocol:handle_info:67 Ping.
2015-09-09 14:05:31.609 [debug] <0.2817.0>@chunter_snap:upload_to_cloud:73 Uploading: 905 MB.
2015-09-09 14:05:32.270 [debug] <0.2817.0>@chunter_snap:upload_to_cloud:73 Uploading: 910 MB.
2015-09-09 14:05:32.456 [debug] <0.3918.0>@chunter_protocol:handle_info:67 Ping.
2015-09-09 14:05:32.926 [debug] <0.2817.0>@chunter_snap:upload_to_cloud:73 Uploading: 915 MB.
2015-09-09 14:05:33.453 [debug] <0.3925.0>@chunter_protocol:handle_info:67 Ping.
2015-09-09 14:05:33.524 [debug] <0.2817.0>@chunter_snap:upload_to_cloud:73 Uploading: 920 MB.
2015-09-09 14:05:34.116 [debug] <0.2817.0>@chunter_snap:upload_to_cloud:73 Uploading: 925 MB.
2015-09-09 14:05:34.487 [debug] <0.3934.0>@chunter_protocol:handle_info:67 Ping.
2015-09-09 14:05:34.707 [debug] <0.2817.0>@chunter_snap:upload_to_cloud:73 Uploading: 930 MB.
2015-09-09 14:05:35.326 [debug] <0.2817.0>@chunter_snap:upload_to_cloud:73 Uploading: 935 MB.
2015-09-09 14:05:35.482 [debug] <0.3943.0>@chunter_protocol:handle_info:67 Ping.
2015-09-09 14:05:35.919 [debug] <0.2817.0>@chunter_snap:upload_to_cloud:73 Uploading: 940 MB.
2015-09-09 14:05:36.461 [debug] <0.3950.0>@chunter_protocol:handle_info:67 Ping.
2015-09-09 14:05:36.527 [debug] <0.2817.0>@chunter_snap:upload_to_cloud:73 Uploading: 945 MB.
2015-09-09 14:05:37.116 [debug] <0.2817.0>@chunter_snap:upload_to_cloud:73 Uploading: 950 MB.
2015-09-09 14:05:37.467 [debug] <0.3959.0>@chunter_protocol:handle_info:67 Ping.
2015-09-09 14:05:37.737 [debug] <0.2817.0>@chunter_snap:upload_to_cloud:73 Uploading: 955 MB.
2015-09-09 14:05:38.392 [debug] <0.2817.0>@chunter_snap:upload_to_cloud:73 Uploading: 960 MB.
2015-09-09 14:05:38.457 [debug] <0.3968.0>@chunter_protocol:handle_info:67 Ping.
2015-09-09 14:05:38.986 [debug] <0.2817.0>@chunter_snap:upload_to_cloud:73 Uploading: 965 MB.
2015-09-09 14:05:39.383 [debug] <0.240.0>@chunter_server:handle_info:326 [GZ] Updating 0 Services.
2015-09-09 14:05:39.516 [debug] <0.3976.0>@chunter_protocol:handle_info:67 Ping.
2015-09-09 14:05:39.659 [debug] <0.250.0>@chunter_vm_fsm:handle_info:887 [e892c629-78a3-4b7e-96af-3ae471e8e2d7] Updating 0 Services.
2015-09-09 14:05:39.678 [debug] <0.248.0>@chunter_vm_fsm:handle_info:887 [38352857-03c4-41c2-8979-a17b58a3e0e3] Updating 0 Services.
2015-09-09 14:05:39.692 [debug] <0.254.0>@chunter_vm_fsm:handle_info:887 [97f1d254-60fc-4099-9980-07a04af4ff1e] Updating 0 Services.
2015-09-09 14:05:39.830 [debug] <0.2817.0>@chunter_snap:upload_to_cloud:73 Uploading: 970 MB.
2015-09-09 14:05:40.441 [debug] <0.2817.0>@chunter_snap:upload_to_cloud:73 Uploading: 975 MB.
2015-09-09 14:05:40.464 [debug] <0.3991.0>@chunter_protocol:handle_info:67 Ping.
2015-09-09 14:05:41.478 [debug] <0.3996.0>@chunter_protocol:handle_info:67 Ping.
2015-09-09 14:05:41.577 [debug] <0.2817.0>@chunter_snap:upload_to_cloud:73 Uploading: 980 MB.
2015-09-09 14:05:42.348 [debug] <0.2817.0>@chunter_snap:upload_to_cloud:73 Uploading: 985 MB.
2015-09-09 14:05:42.462 [debug] <0.4005.0>@chunter_protocol:handle_info:67 Ping.
2015-09-09 14:05:42.931 [debug] <0.2817.0>@chunter_snap:upload_to_cloud:73 Uploading: 990 MB.
2015-09-09 14:05:43.462 [debug] <0.4012.0>@chunter_protocol:handle_info:67 Ping.
2015-09-09 14:05:43.534 [debug] <0.2817.0>@chunter_snap:upload_to_cloud:73 Uploading: 995 MB.
2015-09-09 14:05:44.211 [debug] <0.2817.0>@chunter_snap:upload_to_cloud:73 Uploading: 1000 MB.
2015-09-09 14:05:44.501 [debug] <0.4021.0>@chunter_protocol:handle_info:67 Ping.
2015-09-09 14:05:44.808 [debug] <0.2817.0>@chunter_snap:upload_to_cloud:73 Uploading: 1005 MB.
2015-09-09 14:05:45.480 [debug] <0.4030.0>@chunter_protocol:handle_info:67 Ping.
2015-09-09 14:05:45.628 [debug] <0.2817.0>@chunter_snap:upload_to_cloud:73 Uploading: 1010 MB.
2015-09-09 14:05:46.257 [debug] <0.2817.0>@chunter_snap:upload_to_cloud:73 Uploading: 1015 MB.
2015-09-09 14:05:46.465 [debug] <0.4039.0>@chunter_protocol:handle_info:67 Ping.
2015-09-09 14:05:46.846 [debug] <0.2817.0>@chunter_snap:upload_to_cloud:73 Uploading: 1020 MB.
2015-09-09 14:05:47.445 [debug] <0.2817.0>@chunter_snap:upload_to_cloud:73 Uploading: 1025 MB.
2015-09-09 14:05:47.467 [debug] <0.4048.0>@chunter_protocol:handle_info:67 Ping.
2015-09-09 14:05:48.044 [debug] <0.2817.0>@chunter_snap:upload_to_cloud:73 Uploading: 1030 MB.
2015-09-09 14:05:48.471 [debug] <0.4055.0>@chunter_protocol:handle_info:67 Ping.
2015-09-09 14:05:48.647 [debug] <0.2817.0>@chunter_snap:upload_to_cloud:73 Uploading: 1035 MB.
2015-09-09 14:05:49.259 [debug] <0.2817.0>@chunter_snap:upload_to_cloud:73 Uploading: 1040 MB.
2015-09-09 14:05:49.442 [debug] <0.240.0>@chunter_server:handle_info:326 [GZ] Updating 0 Services.
2015-09-09 14:05:49.468 [debug] <0.4065.0>@chunter_protocol:handle_info:67 Ping.
2015-09-09 14:05:49.657 [debug] <0.250.0>@chunter_vm_fsm:handle_info:887 [e892c629-78a3-4b7e-96af-3ae471e8e2d7] Updating 0 Services.
2015-09-09 14:05:49.698 [debug] <0.254.0>@chunter_vm_fsm:handle_info:887 [97f1d254-60fc-4099-9980-07a04af4ff1e] Updating 0 Services.
2015-09-09 14:05:49.724 [debug] <0.248.0>@chunter_vm_fsm:handle_info:887 [38352857-03c4-41c2-8979-a17b58a3e0e3] Updating 0 Services.
2015-09-09 14:05:49.877 [debug] <0.2817.0>@chunter_snap:upload_to_cloud:73 Uploading: 1045 MB.
