========================================
Howl Diagnostics 2015-10-12-04-44-23
========================================


----------------------------------------
ifconfig
----------------------------------------
lo0: flags=2001000849<UP,LOOPBACK,RUNNING,MULTICAST,IPv4,VIRTUAL> mtu 8232 index 1
	inet 127.0.0.1 netmask ff000000 
net0: flags=40001000843<UP,BROADCAST,RUNNING,MULTICAST,IPv4,L3PROTECT> mtu 1500 index 2
	inet 10.10.1.42 netmask ffffff00 broadcast 10.10.1.255
	ether c2:21:d5:e1:3a:4a 
lo0: flags=2002000849<UP,LOOPBACK,RUNNING,MULTICAST,IPv6,VIRTUAL> mtu 8252 index 1
	inet6 ::1/128 


----------------------------------------
pkgin list | grep fifo-howl
----------------------------------------
fifo-howl-0.7.0pre20151010221900 Project FiFo messaging Server.


----------------------------------------
svcs svc:/network/howl:default
----------------------------------------
STATE          STIME    FMRI
online          4:34:06 svc:/network/howl:default


----------------------------------------
df -h
----------------------------------------
Filesystem                                         Size  Used Avail Use% Mounted on
zones/a13f3c1c-f0fc-4890-a22c-1e6560e4f608         100G  2.8G   98G   3% /
/lib                                               263M  237M   26M  91% /lib
/lib/svc/manifest                                  5.1T  736K  5.1T   1% /lib/svc/manifest
/usr                                               433M  368M   66M  85% /usr
/checkpoints/2166edaf-b19f-458e-a149-13da4ca9cc3d  100G  2.8G   98G   3% /checkpoints/2166edaf-b19f-458e-a149-13da4ca9cc3d
/checkpoints/5b73aed6-70bb-494b-8c7e-01ed7bea4eea  100G  2.8G   98G   3% /checkpoints/5b73aed6-70bb-494b-8c7e-01ed7bea4eea
/checkpoints/93590328-2e67-4555-8fee-03e2ee8b0e35  100G  2.8G   98G   3% /checkpoints/93590328-2e67-4555-8fee-03e2ee8b0e35
swap                                               2.0G  855M  1.2G  42% /etc/svc/volatile
swap                                               2.0G  855M  1.2G  42% /tmp
swap                                               2.0G  855M  1.2G  42% /var/run


----------------------------------------
zonememstat
----------------------------------------
                                 ZONE  RSS(MB)  CAP(MB)    NOVER  POUT(MB)
 a13f3c1c-f0fc-4890-a22c-1e6560e4f608      811     2048        0         0


----------------------------------------
prstat 1 1
----------------------------------------
   PID USERNAME  SIZE   RSS STATE  PRI NICE      TIME  CPU PROCESS/NLWP       
 93051 sniffle  1065M  534M sleep    1    0   0:08:16 0.2% beam.smp/168
 93343 snarl     912M  126M sleep    1    0   0:02:32 0.1% beam.smp/169
 11284 howl      123M   71M sleep    1    0   0:00:03 0.0% beam.smp/167
 92374 root     9336K 8100K sleep   59    0   0:00:34 0.0% svc.configd/12
 92878 nobody   7176K 3640K sleep   59    0   0:00:03 0.0% epmd/1
 92340 root     2708K 1780K sleep   59    0   0:00:00 0.0% init/1
 92557 root     8332K 5596K sleep   59    0   0:00:01 0.0% nscd/27
 66728 sniffle  5052K 1344K sleep   59    0   0:00:00 0.0% inet_gethost/1
 92947 root     4632K 2824K sleep    1    0   0:00:00 0.0% inetd/3
 93491 sniffle  5052K 1316K sleep    1    0   0:00:00 0.0% inet_gethost/1
 92461 netadm   3892K 2516K sleep    1    0   0:00:00 0.0% ipmgmtd/3
 92934 root     1684K  968K sleep   59    0   0:00:00 0.0% utmpd/1
 92939 root     2172K 1312K sleep   40    0   0:00:00 0.0% sac/1
 92974 root     1968K 1276K sleep   18    0   0:00:00 0.0% ttymon/1
 11333 howl     3520K 2744K sleep    1    0   0:00:00 0.0% cpu_sup/1
Total: 44 processes, 605 lwps, load averages: 0.05, 0.03, 0.02


----------------------------------------
sysinfo
----------------------------------------
{
  "Live Image": "20150723T072528Z",
  "System Type": "SunOS",
  "Boot Time": "1444576004",
  "ZFS Quota": "100G",
  "UUID": "a13f3c1c-f0fc-4890-a22c-1e6560e4f608",
  "Hostname": "fifo-cluster-0.briphant.dev",
  "CPU Total Cores": 8,
  "MiB of Memory": "2048",
  "Virtual Network Interfaces": {
    "net0": {"MAC Address": "c2:21:d5:e1:3a:4a", "ip4addr": "10.10.1.42", "Link Status": "up", "VLAN": "0"}
  }
}


----------------------------------------
/opt/local/fifo-howl/bin/howl-admin status
----------------------------------------


----------------------------------------
/opt/local/fifo-howl/bin/howl-admin ringready
----------------------------------------
TRUE All nodes agree on the ring ['howl@10.10.1.42']


----------------------------------------
/opt/local/fifo-howl/bin/howl-admin services
----------------------------------------
[howl]


----------------------------------------
/opt/local/fifo-howl/bin/howl-admin ring_status
----------------------------------------
================================== Claimant ===================================
Claimant:  'howl@10.10.1.42'
Status:     up
Ring Ready: true

============================== Ownership Handoff ==============================
No pending changes.

============================== Unreachable Nodes ==============================
All nodes are up and reachable



----------------------------------------
/opt/local/fifo-howl/bin/howl-admin member_status
----------------------------------------
================================= Membership ==================================
Status     Ring    Pending    Node
-------------------------------------------------------------------------------
valid     100.0%      --      'howl@10.10.1.42'
-------------------------------------------------------------------------------
Valid:1 / Leaving:0 / Exiting:0 / Joining:0 / Down:0


----------------------------------------
lsof -P 11284
----------------------------------------
* Displaying process information for pid 11284..
PID     PROCESS                   IP                        PORT   
-----------------------------------------------------------------
11284   /opt/local/fifo-howl/er   0.0.0.0                   42250  
11284   /opt/local/fifo-howl/er   127.0.0.1                 42884  
11284   /opt/local/fifo-howl/er   127.0.0.1                 4369   
11284   /opt/local/fifo-howl/er   0.0.0.0                   4030   
11284   /opt/local/fifo-howl/er   224.0.0.251               5353   
11284   /opt/local/fifo-howl/er   127.0.0.1                 8499   
11284   /opt/local/fifo-howl/er   10.10.1.42                4240   
11284   /opt/local/fifo-howl/er   0.0.0.0                   80     
11284   /opt/local/fifo-howl/er   0.0.0.0                   443    
11284   /opt/local/fifo-howl/er   10.10.1.42                38932  
11284   /opt/local/fifo-howl/er   10.10.1.42                4210   
11284   /opt/local/fifo-howl/er   10.10.1.42                39500  
11284   /opt/local/fifo-howl/er   10.10.1.42                4210   
11284   /opt/local/fifo-howl/er   10.10.1.42                36374  
11284   /opt/local/fifo-howl/er   10.10.1.42                4210   
11284   /opt/local/fifo-howl/er   10.10.1.42                48500  
11284   /opt/local/fifo-howl/er   10.10.1.42                4210   
11284   /opt/local/fifo-howl/er   10.10.1.42                45672  
11284   /opt/local/fifo-howl/er   10.10.1.42                4210   
11284   /opt/local/fifo-howl/er   10.10.1.42                45830  
11284   /opt/local/fifo-howl/er   10.10.1.42                4200   
11284   /opt/local/fifo-howl/er   10.10.1.42                48178  
11284   /opt/local/fifo-howl/er   10.10.1.42                4200   
11284   /opt/local/fifo-howl/er   10.10.1.42                48362  
11284   /opt/local/fifo-howl/er   10.10.1.42                4200   
11284   /opt/local/fifo-howl/er   10.10.1.42                35741  
11284   /opt/local/fifo-howl/er   10.10.1.42                4200   
11284   /opt/local/fifo-howl/er   10.10.1.42                56286  
11284   /opt/local/fifo-howl/er   10.10.1.42                4200   
11284   /opt/local/fifo-howl/er   10.10.1.42                80     
11284   /opt/local/fifo-howl/er   10.10.0.34                54658  
11284   /opt/local/fifo-howl/er   10.10.1.42                80     
11284   /opt/local/fifo-howl/er   10.10.0.34                54336  


----------------------------------------
lsof -F 11284
----------------------------------------
* Displaying file information for pid 11284..
PID     PROCESS                   FILE/DEVICE                                     
-----------------------------------------------------------------               
11284   /opt/local/fifo-howl/er   /dev/conslog                                    
11284   /opt/local/fifo-howl/er   /dev/null                                       
11284   /opt/local/fifo-howl/er   /dev/poll                                       
11284   /opt/local/fifo-howl/er   /dev/pts/27                                     
11284   /opt/local/fifo-howl/er   /opt/local/fifo-howl/snmp/conf/agent.conf       
11284   /opt/local/fifo-howl/er   /opt/local/fifo-howl/snmp/conf/context.conf     
11284   /opt/local/fifo-howl/er   /opt/local/fifo-howl/snmp/conf/standard.conf    
11284   /opt/local/fifo-howl/er   /var/db/howl/cluster_meta/manifest.dets         
11284   /opt/local/fifo-howl/er   /var/db/howl/cluster_meta/trees/000003.log      
11284   /opt/local/fifo-howl/er   /var/db/howl/cluster_meta/trees/LOCK            
11284   /opt/local/fifo-howl/er   /var/db/howl/cluster_meta/trees/LOG             
11284   /opt/local/fifo-howl/er   /var/db/howl/cluster_meta/trees/MANIFEST-000002 
11284   /opt/local/fifo-howl/er   /var/db/howl/snmpa_local_db1                    
11284   /opt/local/fifo-howl/er   /var/log/howl/console.log                       
11284   /opt/local/fifo-howl/er   /var/log/howl/crash.log                         
11284   /opt/local/fifo-howl/er   /var/log/howl/debug.log                         
11284   /opt/local/fifo-howl/er   /var/log/howl/error.log                         
11284   /opt/local/fifo-howl/er   /var/log/howl/run_erl.log                       
